{
  "stats": {
    "suites": 21,
    "tests": 51,
    "passes": 51,
    "pending": 0,
    "failures": 0,
    "testsRegistered": 51,
    "passPercent": 100,
    "pendingPercent": 0,
    "other": 0,
    "hasOther": false,
    "skipped": 0,
    "hasSkipped": false,
    "start": "2024-04-18T05:56:16.124Z",
    "end": "2024-04-18T05:59:34.295Z",
    "duration": 198171
  },
  "results": [
    {
      "uuid": "884f1419-4f1e-4a4c-b8e0-21305240911b",
      "title": "",
      "fullFile": "cypress\\e2e\\automation-test-store\\alias-invoke.js",
      "file": "cypress\\e2e\\automation-test-store\\alias-invoke.js",
      "beforeHooks": [],
      "afterHooks": [],
      "tests": [],
      "suites": [
        {
          "uuid": "949eb99e-11b3-4be3-bbf2-a411354f36fa",
          "title": "Alias and invoke",
          "fullFile": "",
          "file": "",
          "beforeHooks": [],
          "afterHooks": [],
          "tests": [
            {
              "title": "Validate a specific hair care product",
              "fullTitle": "Alias and invoke Validate a specific hair care product",
              "timedOut": null,
              "duration": 2234,
              "state": "passed",
              "speed": "fast",
              "pass": true,
              "fail": false,
              "pending": false,
              "context": null,
              "code": "cy.visit(\"https://automationteststore.com/\");\ncy.get('a[href*=\"product/category&path=\"]').contains('Hair Care').click();\ncy.get('.fixed_wrapper .prdocutname').eq(0).invoke('text').as('productThumbnail');\ncy.get('@productThumbnail').its('length').should('be.gt', 5);\ncy.get('@productThumbnail').should('include', 'Seaweed Conditioner');",
              "err": {},
              "uuid": "e6c06d8f-986b-4935-bb13-d99fd89c7025",
              "parentUUID": "949eb99e-11b3-4be3-bbf2-a411354f36fa",
              "isHook": false,
              "skipped": false
            },
            {
              "title": "Validate product thumbnail",
              "fullTitle": "Alias and invoke Validate product thumbnail",
              "timedOut": null,
              "duration": 781,
              "state": "passed",
              "speed": "fast",
              "pass": true,
              "fail": false,
              "pending": false,
              "context": null,
              "code": "cy.visit(\"https://automationteststore.com/\");\ncy.get('.thumbnail').as('thumbnailElement');\ncy.get('@thumbnailElement').should('have.length', 16);\ncy.get('@thumbnailElement').find('.productcart').invoke('attr', 'title').should('include', 'Add to Cart');",
              "err": {},
              "uuid": "ca0df50a-8b13-4904-b221-85974218094a",
              "parentUUID": "949eb99e-11b3-4be3-bbf2-a411354f36fa",
              "isHook": false,
              "skipped": false
            },
            {
              "title": "Calculate total of normal and sale products",
              "fullTitle": "Alias and invoke Calculate total of normal and sale products",
              "timedOut": null,
              "duration": 743,
              "state": "passed",
              "speed": "fast",
              "pass": true,
              "fail": false,
              "pending": false,
              "context": null,
              "code": "cy.visit(\"https://automationteststore.com/\");\ncy.get('.thumbnail').as('thumbnailElement');\n// cy.get('@thumbnailElement').find('.oneprice').each(($element, index, $list) => {\n//     cy.log($element.text())\n// })\ncy.get('@thumbnailElement').find('.oneprice').invoke('text').as('itemPrice');\ncy.get('@thumbnailElement').find('.pricenew').invoke('text').as('saleItemPrice');\nvar itemsTotal = 0;\ncy.get('@itemPrice').then($linkText => {\n  let totalPrice = 0;\n  let itemPrice = $linkText.split('$');\n  let i;\n  for (i = 0; i < itemPrice.length; i++) {\n    cy.log(itemPrice[i]);\n    totalPrice += Number(itemPrice[i]);\n  }\n  itemsTotal += totalPrice;\n  cy.log('Non on sale price items total price ' + totalPrice);\n});\ncy.get('@saleItemPrice').then($linkText => {\n  let onSaleTotalPrice = 0;\n  let onSaleItemPrice = $linkText.split('$');\n  let i;\n  for (i = 0; i < onSaleItemPrice.length; i++) {\n    cy.log(onSaleItemPrice[i]);\n    onSaleTotalPrice += Number(onSaleItemPrice[i]);\n  }\n  itemsTotal += onSaleTotalPrice;\n  cy.log('On sale price items total price ' + onSaleTotalPrice);\n}).then(() => {\n  cy.log('Total price of all products: ' + itemsTotal);\n  expect(itemsTotal).to.equal(648.5);\n});",
              "err": {},
              "uuid": "d0ebf661-e648-4d49-9ca1-611570d39de0",
              "parentUUID": "949eb99e-11b3-4be3-bbf2-a411354f36fa",
              "isHook": false,
              "skipped": false
            }
          ],
          "suites": [],
          "passes": [
            "e6c06d8f-986b-4935-bb13-d99fd89c7025",
            "ca0df50a-8b13-4904-b221-85974218094a",
            "d0ebf661-e648-4d49-9ca1-611570d39de0"
          ],
          "failures": [],
          "pending": [],
          "skipped": [],
          "duration": 3758,
          "root": false,
          "rootEmpty": false,
          "_timeout": 2000
        }
      ],
      "passes": [],
      "failures": [],
      "pending": [],
      "skipped": [],
      "duration": 0,
      "root": true,
      "rootEmpty": true,
      "_timeout": 2000
    },
    {
      "uuid": "781de4b4-0048-4f42-bee8-84d79e23ce06",
      "title": "",
      "fullFile": "cypress\\e2e\\automation-test-store\\contact-us.js",
      "file": "cypress\\e2e\\automation-test-store\\contact-us.js",
      "beforeHooks": [],
      "afterHooks": [],
      "tests": [],
      "suites": [
        {
          "uuid": "a8e85304-43ce-4d69-9c21-71291ef22cd1",
          "title": "Test contact us for via Automation Test Store",
          "fullFile": "",
          "file": "",
          "beforeHooks": [],
          "afterHooks": [],
          "tests": [
            {
              "title": "Should be able to submit a successful submission via contact us form",
              "fullTitle": "Test contact us for via Automation Test Store Should be able to submit a successful submission via contact us form",
              "timedOut": null,
              "duration": 4046,
              "state": "passed",
              "speed": "fast",
              "pass": true,
              "fail": false,
              "pending": false,
              "context": null,
              "code": "cy.visit(\"https://automationteststore.com/\");\n//cy.get('.info_links_footer > :nth-child(5) > a').click()\n////a[contains(@href,'contact')]\n// cy.xpath('//a[contains(@href,\"contact\")]').click();\n// $ ends with, ^ starts with - css\ncy.get('a[href$=\"contact\"]').click().then(function (contactUsText) {\n  cy.log(\"Now test runner press \" + contactUsText.text());\n});\ncy.get(\"@user\").then(user => {\n  cy.get(\"#ContactUsFrm_first_name\").type(user.first_name);\n  cy.get(\"#ContactUsFrm_email\").type(user.email);\n});\ncy.get(\"#ContactUsFrm_email\").should(\"have.attr\", \"name\", \"email\");\ncy.get(\"#ContactUsFrm_enquiry\").type(\"Is this the real life? Is this just Fanta sea\");\ncy.get('button[title=\"Submit\"]').click();\ncy.get(\".mb40 > :nth-child(3)\").should(\"have.text\", \"Your enquiry has been successfully sent to the store owner!\");\nconsole.log(\"This log will run first\");",
              "err": {},
              "uuid": "d0801345-1db6-49aa-bab9-f9fc683fcc26",
              "parentUUID": "a8e85304-43ce-4d69-9c21-71291ef22cd1",
              "isHook": false,
              "skipped": false
            }
          ],
          "suites": [],
          "passes": [
            "d0801345-1db6-49aa-bab9-f9fc683fcc26"
          ],
          "failures": [],
          "pending": [],
          "skipped": [],
          "duration": 4046,
          "root": false,
          "rootEmpty": false,
          "_timeout": 2000
        }
      ],
      "passes": [],
      "failures": [],
      "pending": [],
      "skipped": [],
      "duration": 0,
      "root": true,
      "rootEmpty": true,
      "_timeout": 2000
    },
    {
      "uuid": "363aabf2-a5ad-4983-ad64-3b0617e37a32",
      "title": "",
      "fullFile": "cypress\\e2e\\automation-test-store\\inspect-item.js",
      "file": "cypress\\e2e\\automation-test-store\\inspect-item.js",
      "beforeHooks": [],
      "afterHooks": [],
      "tests": [],
      "suites": [
        {
          "uuid": "0e567cc3-994e-4e1e-8637-058ca8b35d22",
          "title": "Inspect Automation Test Store items using chain commands",
          "fullFile": "",
          "file": "",
          "beforeHooks": [],
          "afterHooks": [],
          "tests": [
            {
              "title": "Click on the first item using item text",
              "fullTitle": "Inspect Automation Test Store items using chain commands Click on the first item using item text",
              "timedOut": null,
              "duration": 2799,
              "state": "passed",
              "speed": "fast",
              "pass": true,
              "fail": false,
              "pending": false,
              "context": null,
              "code": "cy.visit(\"https://automationteststore.com/\");\ncy.get('.prdocutname').contains('Skinsheen Bronzer Stick').click().then(function (itemHeaderText) {\n  cy.log('Selected the following item: ' + itemHeaderText.text());\n});\nconsole.log('Test when we see this log');",
              "err": {},
              "uuid": "41247ca7-d17a-4aa0-a37e-062d288f34e6",
              "parentUUID": "0e567cc3-994e-4e1e-8637-058ca8b35d22",
              "isHook": false,
              "skipped": false
            }
          ],
          "suites": [],
          "passes": [
            "41247ca7-d17a-4aa0-a37e-062d288f34e6"
          ],
          "failures": [],
          "pending": [],
          "skipped": [],
          "duration": 2799,
          "root": false,
          "rootEmpty": false,
          "_timeout": 2000
        }
      ],
      "passes": [],
      "failures": [],
      "pending": [],
      "skipped": [],
      "duration": 0,
      "root": true,
      "rootEmpty": true,
      "_timeout": 2000
    },
    {
      "uuid": "38d5cec8-9932-4b4d-82af-2b4580679508",
      "title": "",
      "fullFile": "cypress\\e2e\\automation-test-store\\iterate-over-elements.js",
      "file": "cypress\\e2e\\automation-test-store\\iterate-over-elements.js",
      "beforeHooks": [],
      "afterHooks": [],
      "tests": [],
      "suites": [
        {
          "uuid": "5c035f99-770a-4ba5-b72f-6cbccebe4b34",
          "title": "Iterate over elements",
          "fullFile": "",
          "file": "",
          "beforeHooks": [],
          "afterHooks": [],
          "tests": [
            {
              "title": "Add specific product to basket",
              "fullTitle": "Iterate over elements Add specific product to basket",
              "timedOut": null,
              "duration": 4708,
              "state": "passed",
              "speed": "fast",
              "pass": true,
              "fail": false,
              "pending": false,
              "context": null,
              "code": "cy.selectProduct('Eau Parfumee au The');",
              "err": {},
              "uuid": "9014e0af-e9d7-4541-afe3-43054521671f",
              "parentUUID": "5c035f99-770a-4ba5-b72f-6cbccebe4b34",
              "isHook": false,
              "skipped": false
            }
          ],
          "suites": [],
          "passes": [
            "9014e0af-e9d7-4541-afe3-43054521671f"
          ],
          "failures": [],
          "pending": [],
          "skipped": [],
          "duration": 4708,
          "root": false,
          "rootEmpty": false,
          "_timeout": 2000
        }
      ],
      "passes": [],
      "failures": [],
      "pending": [],
      "skipped": [],
      "duration": 0,
      "root": true,
      "rootEmpty": true,
      "_timeout": 2000
    },
    {
      "uuid": "c182d8f3-a64f-41aa-9576-04791eb62d25",
      "title": "",
      "fullFile": "cypress\\e2e\\automation-test-store\\variables-and-cy-commands.js",
      "file": "cypress\\e2e\\automation-test-store\\variables-and-cy-commands.js",
      "beforeHooks": [],
      "afterHooks": [],
      "tests": [],
      "suites": [
        {
          "uuid": "c8d900f0-b064-4916-988b-51551e00e01b",
          "title": "Verifying variables, cypress commands and jquery commands",
          "fullFile": "",
          "file": "",
          "beforeHooks": [],
          "afterHooks": [],
          "tests": [
            {
              "title": "Navigating to specific product page",
              "fullTitle": "Verifying variables, cypress commands and jquery commands Navigating to specific product page",
              "timedOut": null,
              "duration": 3779,
              "state": "passed",
              "speed": "fast",
              "pass": true,
              "fail": false,
              "pending": false,
              "context": null,
              "code": "cy.visit(\"https://automationteststore.com/\");\n// const makeupLink = cy.get('a[href*=\"product/category&path=\"]').contains('Makeup')\n// makeupLink.click()\n// const skinCare = cy.get('a[href*=\"product/category&path=\"]').contains('Skincare')\n// skinCare.click()\n// Recommended approach \ncy.get('a[href*=\"product/category&path=\"]').contains('Makeup').click();\ncy.get('a[href*=\"product/category&path=\"]').contains('Skincare').click();",
              "err": {},
              "uuid": "76fa3d8f-7445-42a5-b8de-60ffd4f46f1e",
              "parentUUID": "c8d900f0-b064-4916-988b-51551e00e01b",
              "isHook": false,
              "skipped": false
            },
            {
              "title": "Navigating to specific product page",
              "fullTitle": "Verifying variables, cypress commands and jquery commands Navigating to specific product page",
              "timedOut": null,
              "duration": 1531,
              "state": "passed",
              "speed": "fast",
              "pass": true,
              "fail": false,
              "pending": false,
              "context": null,
              "code": "cy.visit(\"https://automationteststore.com/\");\ncy.get('a[href*=\"product/category&path=\"]').contains('Makeup').click();\n// cy.get('a[href*=\"product/category&path=\"]').contains('Makeup').click();\n// const header = cy.get('h1 .maintext');\n// cy.log(header.text())\ncy.get('h1 .maintext').then($headerText => {\n  const headerText = $headerText.text();\n  cy.log(\"Found the text: \" + headerText);\n  expect(headerText).is.eq(\"Makeup\");\n});",
              "err": {},
              "uuid": "b8cce488-8325-4de4-b22c-b19c3911398c",
              "parentUUID": "c8d900f0-b064-4916-988b-51551e00e01b",
              "isHook": false,
              "skipped": false
            },
            {
              "title": "Validate properties of the Contact Us Page",
              "fullTitle": "Verifying variables, cypress commands and jquery commands Validate properties of the Contact Us Page",
              "timedOut": null,
              "duration": 712,
              "state": "passed",
              "speed": "fast",
              "pass": true,
              "fail": false,
              "pending": false,
              "context": null,
              "code": "cy.visit(\"https://automationteststore.com/index.php?rt=content/contact\");\n// Use cypress commands and chaining\ncy.contains('#ContactUsFrm', 'Contact Us Form').find('#field_11').should('contain', 'First name');\n// JQuery Approach\ncy.contains('#ContactUsFrm', 'Contact Us Form').then(text => {\n  const firstNameText = text.find('#field_11').text();\n  expect(firstNameText).to.contain('First name');\n  // Embedded commands (Closure)\n  cy.get('#field_11').then(fnText => {\n    cy.log(fnText.text());\n    cy.log(fnText);\n  });\n});",
              "err": {},
              "uuid": "02421190-f597-44a9-ae2e-254ee1900761",
              "parentUUID": "c8d900f0-b064-4916-988b-51551e00e01b",
              "isHook": false,
              "skipped": false
            }
          ],
          "suites": [],
          "passes": [
            "76fa3d8f-7445-42a5-b8de-60ffd4f46f1e",
            "b8cce488-8325-4de4-b22c-b19c3911398c",
            "02421190-f597-44a9-ae2e-254ee1900761"
          ],
          "failures": [],
          "pending": [],
          "skipped": [],
          "duration": 6022,
          "root": false,
          "rootEmpty": false,
          "_timeout": 2000
        }
      ],
      "passes": [],
      "failures": [],
      "pending": [],
      "skipped": [],
      "duration": 0,
      "root": true,
      "rootEmpty": true,
      "_timeout": 2000
    },
    {
      "uuid": "2a21f035-c89a-4c8a-a215-71431f58aa03",
      "title": "",
      "fullFile": "cypress\\e2e\\other\\hooks.js",
      "file": "cypress\\e2e\\other\\hooks.js",
      "beforeHooks": [],
      "afterHooks": [],
      "tests": [],
      "suites": [
        {
          "uuid": "f471607a-d9ca-4318-8e23-ae3277d8e936",
          "title": "hooks",
          "fullFile": "",
          "file": "",
          "beforeHooks": [],
          "afterHooks": [],
          "tests": [
            {
              "title": "Example test1",
              "fullTitle": "hooks Example test1",
              "timedOut": null,
              "duration": 430,
              "state": "passed",
              "speed": "fast",
              "pass": true,
              "fail": false,
              "pending": false,
              "context": null,
              "code": "cy.log(\"Example test1\");",
              "err": {},
              "uuid": "f4f96587-170c-44ef-8963-94e4f3492ed2",
              "parentUUID": "f471607a-d9ca-4318-8e23-ae3277d8e936",
              "isHook": false,
              "skipped": false
            },
            {
              "title": "Example test2",
              "fullTitle": "hooks Example test2",
              "timedOut": null,
              "duration": 56,
              "state": "passed",
              "speed": "fast",
              "pass": true,
              "fail": false,
              "pending": false,
              "context": null,
              "code": "cy.log(\"Example test2\");",
              "err": {},
              "uuid": "820f9d09-a576-4705-86e7-8e4c511c7e7b",
              "parentUUID": "f471607a-d9ca-4318-8e23-ae3277d8e936",
              "isHook": false,
              "skipped": false
            }
          ],
          "suites": [],
          "passes": [
            "f4f96587-170c-44ef-8963-94e4f3492ed2",
            "820f9d09-a576-4705-86e7-8e4c511c7e7b"
          ],
          "failures": [],
          "pending": [],
          "skipped": [],
          "duration": 486,
          "root": false,
          "rootEmpty": false,
          "_timeout": 2000
        }
      ],
      "passes": [],
      "failures": [],
      "pending": [],
      "skipped": [],
      "duration": 0,
      "root": true,
      "rootEmpty": true,
      "_timeout": 2000
    },
    {
      "uuid": "c7d5f50e-93a3-4621-9712-b5a9801fb899",
      "title": "",
      "fullFile": "cypress\\e2e\\other\\same-origin-policy.js",
      "file": "cypress\\e2e\\other\\same-origin-policy.js",
      "beforeHooks": [],
      "afterHooks": [],
      "tests": [],
      "suites": [
        {
          "uuid": "6934019c-cb5f-4de0-8f4a-36126b309acc",
          "title": "Cypress web security",
          "fullFile": "",
          "file": "",
          "beforeHooks": [],
          "afterHooks": [],
          "tests": [
            {
              "title": "Validate visiting two different domains",
              "fullTitle": "Cypress web security Validate visiting two different domains",
              "timedOut": null,
              "duration": 5452,
              "state": "passed",
              "speed": "medium",
              "pass": true,
              "fail": false,
              "pending": false,
              "context": null,
              "code": "cy.visit(\"https://automationteststore.com/\");\ncy.visit(\"https://webdriveruniversity.com/\");",
              "err": {},
              "uuid": "5d8189c5-bd77-4cb7-958b-ec88207621cc",
              "parentUUID": "6934019c-cb5f-4de0-8f4a-36126b309acc",
              "isHook": false,
              "skipped": false
            },
            {
              "title": "Validate visiting two different domains via user actions",
              "fullTitle": "Cypress web security Validate visiting two different domains via user actions",
              "timedOut": null,
              "duration": 2109,
              "state": "passed",
              "speed": "fast",
              "pass": true,
              "fail": false,
              "pending": false,
              "context": null,
              "code": "cy.visit(\"https://webdriveruniversity.com/\");\ncy.get('#automation-test-store').invoke('removeAttr', 'target').click();",
              "err": {},
              "uuid": "eb22db7e-1c4c-4b58-8aab-5c83dcce8d96",
              "parentUUID": "6934019c-cb5f-4de0-8f4a-36126b309acc",
              "isHook": false,
              "skipped": false
            }
          ],
          "suites": [],
          "passes": [
            "5d8189c5-bd77-4cb7-958b-ec88207621cc",
            "eb22db7e-1c4c-4b58-8aab-5c83dcce8d96"
          ],
          "failures": [],
          "pending": [],
          "skipped": [],
          "duration": 7561,
          "root": false,
          "rootEmpty": false,
          "_timeout": 2000
        }
      ],
      "passes": [],
      "failures": [],
      "pending": [],
      "skipped": [],
      "duration": 0,
      "root": true,
      "rootEmpty": true,
      "_timeout": 2000
    },
    {
      "uuid": "e3b5dfed-952e-4deb-8c1f-333d3bd044e9",
      "title": "",
      "fullFile": "cypress\\e2e\\webdriver-uni\\autocomplete-dropdown-list.js",
      "file": "cypress\\e2e\\webdriver-uni\\autocomplete-dropdown-list.js",
      "beforeHooks": [],
      "afterHooks": [],
      "tests": [],
      "suites": [
        {
          "uuid": "a8e9872f-f4bd-4884-8b63-af583f45fe0a",
          "title": "Verify autocomplete dropdown list via webdriveruni",
          "fullFile": "",
          "file": "",
          "beforeHooks": [],
          "afterHooks": [],
          "tests": [
            {
              "title": "Select specific product via autocomplete list",
              "fullTitle": "Verify autocomplete dropdown list via webdriveruni Select specific product via autocomplete list",
              "timedOut": null,
              "duration": 3704,
              "state": "passed",
              "speed": "fast",
              "pass": true,
              "fail": false,
              "pending": false,
              "context": null,
              "code": "cy.visit(\"https://webdriveruniversity.com/\");\ncy.get('#autocomplete-textfield').invoke('removeAttr', 'target').click({\n  force: true\n});\ncy.get('#myInput').type('A');\ncy.get('#myInputautocomplete-list > *').each(($el, index, $list) => {\n  const product = $el.text();\n  const productToSelect = 'Avacado';\n  if (product === productToSelect) {\n    // cy.wrap($el).click() \n    $el.trigger(\"click\");\n    cy.get('#submit-button').click();\n    cy.url().should('include', productToSelect);\n  }\n}).then(() => {\n  cy.get('#myInput').clear().type('g');\n  cy.get('#myInputautocomplete-list > *').each($el => {\n    const product = $el.text();\n    const productToSelect = 'Grapes';\n    if (product === productToSelect) {\n      cy.wrap($el).click();\n      cy.get('#submit-button').click();\n      cy.url().should('include', productToSelect);\n    }\n  });\n});",
              "err": {},
              "uuid": "e99b1e20-bf0c-4245-ba39-bfb58fcc977b",
              "parentUUID": "a8e9872f-f4bd-4884-8b63-af583f45fe0a",
              "isHook": false,
              "skipped": false
            }
          ],
          "suites": [],
          "passes": [
            "e99b1e20-bf0c-4245-ba39-bfb58fcc977b"
          ],
          "failures": [],
          "pending": [],
          "skipped": [],
          "duration": 3704,
          "root": false,
          "rootEmpty": false,
          "_timeout": 2000
        }
      ],
      "passes": [],
      "failures": [],
      "pending": [],
      "skipped": [],
      "duration": 0,
      "root": true,
      "rootEmpty": true,
      "_timeout": 2000
    },
    {
      "uuid": "2da379f9-9565-4aad-8c08-fdee06c520af",
      "title": "",
      "fullFile": "cypress\\e2e\\webdriver-uni\\browser-navigation.js",
      "file": "cypress\\e2e\\webdriver-uni\\browser-navigation.js",
      "beforeHooks": [],
      "afterHooks": [],
      "tests": [],
      "suites": [
        {
          "uuid": "9bc4c39b-0768-4e29-a41a-f342a0462905",
          "title": "Validate webdriveruni homepage links",
          "fullFile": "",
          "file": "",
          "beforeHooks": [],
          "afterHooks": [],
          "tests": [
            {
              "title": "Confirm links redirect to the correct pages",
              "fullTitle": "Validate webdriveruni homepage links Confirm links redirect to the correct pages",
              "timedOut": null,
              "duration": 5454,
              "state": "passed",
              "speed": "medium",
              "pass": true,
              "fail": false,
              "pending": false,
              "context": null,
              "code": "cy.visit('https://webdriveruniversity.com/');\ncy.get('#contact-us').invoke('removeAttr', 'target').click({\n  force: true\n});\ncy.url().should('include', 'contactus');\ncy.go('back');\ncy.reload();\ncy.url().should('include', 'https://webdriveruniversity.com/');\n// cy.reload(true) //reload without using cache\ncy.go('forward');\ncy.url().should('include', 'contactus');\ncy.go('back');\ncy.get('#login-portal').invoke('removeAttr', 'target').click({\n  force: true\n});\ncy.url().should('include', 'Login-Portal');\ncy.go('back');\ncy.get('#to-do-list').invoke('removeAttr', 'target').click({\n  force: true\n});\ncy.url().should('include', 'To-Do-List');\ncy.go('back');",
              "err": {},
              "uuid": "5a36a22e-6400-455f-bd06-9f75c3022d7f",
              "parentUUID": "9bc4c39b-0768-4e29-a41a-f342a0462905",
              "isHook": false,
              "skipped": false
            }
          ],
          "suites": [],
          "passes": [
            "5a36a22e-6400-455f-bd06-9f75c3022d7f"
          ],
          "failures": [],
          "pending": [],
          "skipped": [],
          "duration": 5454,
          "root": false,
          "rootEmpty": false,
          "_timeout": 2000
        }
      ],
      "passes": [],
      "failures": [],
      "pending": [],
      "skipped": [],
      "duration": 0,
      "root": true,
      "rootEmpty": true,
      "_timeout": 2000
    },
    {
      "uuid": "5d560ae1-e077-40c0-a1e5-343655c5a797",
      "title": "",
      "fullFile": "cypress\\e2e\\webdriver-uni\\checkboxes.js",
      "file": "cypress\\e2e\\webdriver-uni\\checkboxes.js",
      "beforeHooks": [],
      "afterHooks": [],
      "tests": [],
      "suites": [
        {
          "uuid": "7cccab7b-43e6-4f28-84dc-28b6cbdcf15f",
          "title": "Verify checkboxes via webdriveruni",
          "fullFile": "",
          "file": "",
          "beforeHooks": [],
          "afterHooks": [],
          "tests": [
            {
              "title": "Check and validate checkbox",
              "fullTitle": "Verify checkboxes via webdriveruni Check and validate checkbox",
              "timedOut": null,
              "duration": 1097,
              "state": "passed",
              "speed": "fast",
              "pass": true,
              "fail": false,
              "pending": false,
              "context": null,
              "code": "// cy.get('#checkboxes > :nth-child(1) > input').check()\n// cy.get('#checkboxes > :nth-child(1) > input').check().should('be.checked')\ncy.get(\"#checkboxes > :nth-child(1) > input\").as(\"option-1\");\ncy.get(\"@option-1\").check();\ncy.get(\"@option-1\").check().should(\"be.checked\");",
              "err": {},
              "uuid": "87ebb7bf-bde0-4816-9a4d-0af4cfb359a6",
              "parentUUID": "7cccab7b-43e6-4f28-84dc-28b6cbdcf15f",
              "isHook": false,
              "skipped": false
            },
            {
              "title": "Uncheck and validate checkbox",
              "fullTitle": "Verify checkboxes via webdriveruni Uncheck and validate checkbox",
              "timedOut": null,
              "duration": 511,
              "state": "passed",
              "speed": "fast",
              "pass": true,
              "fail": false,
              "pending": false,
              "context": null,
              "code": "// cy.get('#checkboxes > :nth-child(5) > input').check()\n// cy.get('#checkboxes > :nth-child(5) > input').uncheck().should('not.be.checked')\ncy.get(\"#checkboxes > :nth-child(5) > input\").as(\"option-3\");\ncy.get(\"@option-3\").uncheck().should(\"not.be.checked\");",
              "err": {},
              "uuid": "fb364817-2ed9-4eeb-8826-add2328516be",
              "parentUUID": "7cccab7b-43e6-4f28-84dc-28b6cbdcf15f",
              "isHook": false,
              "skipped": false
            },
            {
              "title": "Check multiple checkboxes",
              "fullTitle": "Verify checkboxes via webdriveruni Check multiple checkboxes",
              "timedOut": null,
              "duration": 883,
              "state": "passed",
              "speed": "fast",
              "pass": true,
              "fail": false,
              "pending": false,
              "context": null,
              "code": "//insert value what to check\ncy.get(\"input[type='checkbox']\").check([\"option-1\", \"option-2\", \"option-4\"]).should(\"be.checked\");\ncy.get(\"input[type='checkbox']\").uncheck(\"option-3\").should(\"not.be.checked\");",
              "err": {},
              "uuid": "f9efa460-fed6-4a87-8fe6-bad0e6034f50",
              "parentUUID": "7cccab7b-43e6-4f28-84dc-28b6cbdcf15f",
              "isHook": false,
              "skipped": false
            }
          ],
          "suites": [],
          "passes": [
            "87ebb7bf-bde0-4816-9a4d-0af4cfb359a6",
            "fb364817-2ed9-4eeb-8826-add2328516be",
            "f9efa460-fed6-4a87-8fe6-bad0e6034f50"
          ],
          "failures": [],
          "pending": [],
          "skipped": [],
          "duration": 2491,
          "root": false,
          "rootEmpty": false,
          "_timeout": 2000
        }
      ],
      "passes": [],
      "failures": [],
      "pending": [],
      "skipped": [],
      "duration": 0,
      "root": true,
      "rootEmpty": true,
      "_timeout": 2000
    },
    {
      "uuid": "8e5ebc61-94f8-4b7f-9422-c6b95a70ee1c",
      "title": "",
      "fullFile": "cypress\\e2e\\webdriver-uni\\contact-us.js",
      "file": "cypress\\e2e\\webdriver-uni\\contact-us.js",
      "beforeHooks": [],
      "afterHooks": [],
      "tests": [],
      "suites": [
        {
          "uuid": "6018d0fb-726c-43c5-b597-5cdc3a7b8c27",
          "title": "Test contact us for via WebdriverUni",
          "fullFile": "",
          "file": "",
          "beforeHooks": [],
          "afterHooks": [],
          "tests": [
            {
              "title": "Should be able to submit a successful submission via contact us form",
              "fullTitle": "Test contact us for via WebdriverUni Should be able to submit a successful submission via contact us form",
              "timedOut": null,
              "duration": 7332,
              "state": "passed",
              "speed": "medium",
              "pass": true,
              "fail": false,
              "pending": false,
              "context": null,
              "code": "//cy code\n// cy.\ncy.document().should(\"have.a.property\", \"charset\").and(\"eq\", \"UTF-8\");\ncy.title().should(\"include\", \"Contact Us\");\n//cy.get('#contact-us').click({force: true})\n// cy.get('[name=\"first_name\"]').type(data.first_name)\n// cy.get('[name=\"last_name\"]').type(data.last_name)\n// cy.get('[name=\"email\"]').type(data.email)\n// cy.get('textarea.feedback-input').type(\"Some comments in order to have the comments because it asked for comments\")\n// cy.get('[type=\"submit\"]').click()\n// cy.get('h1').should('have.text', 'Thank You for your Message!')\n// cy.wedbriveruni_contactForm_submission(\n//   Cypress.env(\"first_name\"),\n//   data.last_name,\n//   data.email,\n//   \"Some comments in order to have the comments because it asked for comments\",\n//   \"h1\",\n//   \"Thank You for your Message!\"\n// );\ncontact_us_po.contactFormSubmission(Cypress.env(\"first_name\"), data.last_name, data.email, \"Some comments in order to have the comments because it asked for comments\", \"h1\", \"Thank You for your Message!\");\ncy.get(\"#contact_reply\").should(\"have.css\", \"background-color\", \"rgb(56, 75, 218)\");\ncy.url().should(\"include\", \"Contact-Us/contact-form-thank-you\");",
              "err": {},
              "uuid": "52000889-4899-47fe-9a5d-d008bf99f129",
              "parentUUID": "6018d0fb-726c-43c5-b597-5cdc3a7b8c27",
              "isHook": false,
              "skipped": false
            },
            {
              "title": "Should be unable to submit a successful submission via contact us form as all fields are required",
              "fullTitle": "Test contact us for via WebdriverUni Should be unable to submit a successful submission via contact us form as all fields are required",
              "timedOut": null,
              "duration": 6489,
              "state": "passed",
              "speed": "medium",
              "pass": true,
              "fail": false,
              "pending": false,
              "context": null,
              "code": "//cy code\n// cy.get('[name=\"first_name\"]').type(\"Harold\")\n// cy.get('[name=\"last_name\"]').type(\"Harding\")\n// cy.get('textarea.feedback-input').type(\"Some comments in order to have the comments because it asked for comments\")\n// cy.get('[type=\"submit\"]').click()\n// cy.get('body').contains('Error: all fields are required')\ncontact_us_po.contactFormSubmission(data.first_name, data.last_name, \" \", \"Some comments in order to have the comments because it asked for comments\", \"body\", \"Error: Invalid email\");\n// cy.wedbriveruni_contactForm_submission(\n//   data.first_name,\n//   data.last_name,\n//   \" \",\n//   \"Some comments in order to have the comments because it asked for comments\",\n//   \"body\",\n//   \"Error: Invalid email\"\n// );",
              "err": {},
              "uuid": "e8592d8c-57f5-414a-ab61-c5647806c42d",
              "parentUUID": "6018d0fb-726c-43c5-b597-5cdc3a7b8c27",
              "isHook": false,
              "skipped": false
            }
          ],
          "suites": [],
          "passes": [
            "52000889-4899-47fe-9a5d-d008bf99f129",
            "e8592d8c-57f5-414a-ab61-c5647806c42d"
          ],
          "failures": [],
          "pending": [],
          "skipped": [],
          "duration": 13821,
          "root": false,
          "rootEmpty": false,
          "_timeout": 2000
        }
      ],
      "passes": [],
      "failures": [],
      "pending": [],
      "skipped": [],
      "duration": 0,
      "root": true,
      "rootEmpty": true,
      "_timeout": 2000
    },
    {
      "uuid": "8297fc29-e879-4628-994d-e7c039c0ad68",
      "title": "",
      "fullFile": "cypress\\e2e\\webdriver-uni\\data-tables.js",
      "file": "cypress\\e2e\\webdriver-uni\\data-tables.js",
      "beforeHooks": [],
      "afterHooks": [],
      "tests": [],
      "suites": [
        {
          "uuid": "0d6ac422-fc90-4546-9e09-1c05f6736fd4",
          "title": "Handling data via webdriveruni",
          "fullFile": "",
          "file": "",
          "beforeHooks": [],
          "afterHooks": [],
          "tests": [
            {
              "title": "Calculate and assert the total age of all users",
              "fullTitle": "Handling data via webdriveruni Calculate and assert the total age of all users",
              "timedOut": null,
              "duration": 1551,
              "state": "passed",
              "speed": "fast",
              "pass": true,
              "fail": false,
              "pending": false,
              "context": null,
              "code": "let userDetails = [];\nlet numb = 0;\ncy.get('#thumbnail-1 td').each(($el, index, $list) => {\n  userDetails[index] = $el.text();\n}).then(() => {\n  let i;\n  for (i = 0; i < userDetails.length; i++) {\n    if (Number(userDetails[i])) {\n      numb += Number(userDetails[i]);\n    }\n    // cy.log(userDetails[i])\n  }\n  cy.log('Total age is - ' + numb);\n  expect(numb).to.eq(322);\n});",
              "err": {},
              "uuid": "46bd1119-e4fa-4dea-8232-e374abbf1253",
              "parentUUID": "0d6ac422-fc90-4546-9e09-1c05f6736fd4",
              "isHook": false,
              "skipped": false
            },
            {
              "title": "Calculate and assert the age of a given user based on last name",
              "fullTitle": "Handling data via webdriveruni Calculate and assert the age of a given user based on last name",
              "timedOut": null,
              "duration": 626,
              "state": "passed",
              "speed": "fast",
              "pass": true,
              "fail": false,
              "pending": false,
              "context": null,
              "code": "cy.get('#thumbnail-1 tr td:nth-child(2)').each(($el, index, $list) => {\n  const text = $el.text();\n  if (text.includes('Jones')) {\n    cy.get('#thumbnail-1 tr td:nth-child(2)').eq(index).next().then(function (age) {\n      const userAge = age.text();\n      expect(userAge).to.equal('27');\n    });\n  }\n});",
              "err": {},
              "uuid": "674a4cc0-c8cb-4b7a-abb5-dcc8dd02bf8c",
              "parentUUID": "0d6ac422-fc90-4546-9e09-1c05f6736fd4",
              "isHook": false,
              "skipped": false
            }
          ],
          "suites": [],
          "passes": [
            "46bd1119-e4fa-4dea-8232-e374abbf1253",
            "674a4cc0-c8cb-4b7a-abb5-dcc8dd02bf8c"
          ],
          "failures": [],
          "pending": [],
          "skipped": [],
          "duration": 2177,
          "root": false,
          "rootEmpty": false,
          "_timeout": 2000
        }
      ],
      "passes": [],
      "failures": [],
      "pending": [],
      "skipped": [],
      "duration": 0,
      "root": true,
      "rootEmpty": true,
      "_timeout": 2000
    },
    {
      "uuid": "880eda5a-9d28-49b2-becf-9872d08b43c1",
      "title": "",
      "fullFile": "cypress\\e2e\\webdriver-uni\\datepicker.js",
      "file": "cypress\\e2e\\webdriver-uni\\datepicker.js",
      "beforeHooks": [],
      "afterHooks": [],
      "tests": [],
      "suites": [
        {
          "uuid": "18a2d5cb-b44c-4875-af1b-55ef31675787",
          "title": "Test datepicker via webdriveruni",
          "fullFile": "",
          "file": "",
          "beforeHooks": [],
          "afterHooks": [],
          "tests": [
            {
              "title": "Select date from datepicker",
              "fullTitle": "Test datepicker via webdriveruni Select date from datepicker",
              "timedOut": null,
              "duration": 1829,
              "state": "passed",
              "speed": "fast",
              "pass": true,
              "fail": false,
              "pending": false,
              "context": null,
              "code": "cy.visit(\"https://webdriveruniversity.com/\");\ncy.get('#datepicker').invoke('removeAttr', 'target').click({\n  force: true\n});\ncy.get('#datepicker').click();\n// let date = new Date();\n// date.setDate(date.getDate()) //get current date\n// cy.log(date.getDate())\n// let date2 = new Date();\n// date2.setDate(date.getDate() + 5)\n// cy.log(date2.getDate())\nlet date = new Date();\ndate.setDate(date.getDate() + 10);\nlet futureYear = date.getFullYear();\nlet futureMonth = date.toLocaleString('default', {\n  month: 'long'\n});\nlet futureDay = date.getDate();\nfunction selectMonthAndYear() {\n  cy.get('.datepicker-dropdown').find('.datepicker-switch').first().then(currentDate => {\n    if (!currentDate.text().includes(futureYear)) {\n      cy.get('.next').first().click();\n      selectMonthAndYear();\n    }\n  }).then(() => {\n    cy.get('.datepicker-dropdown').find('.datepicker-switch').first().then(currentDate => {\n      if (!currentDate.text().includes(futureMonth)) {\n        cy.get('.next').first().click();\n        selectMonthAndYear();\n      }\n    });\n  });\n}\nfunction selectFutureDay() {\n  cy.get('[class=\"day\"]').contains(futureDay).click();\n}\nselectMonthAndYear();\nselectFutureDay();",
              "err": {},
              "uuid": "f7811c0f-b375-41dd-ad91-0330e2c38707",
              "parentUUID": "18a2d5cb-b44c-4875-af1b-55ef31675787",
              "isHook": false,
              "skipped": false
            }
          ],
          "suites": [],
          "passes": [
            "f7811c0f-b375-41dd-ad91-0330e2c38707"
          ],
          "failures": [],
          "pending": [],
          "skipped": [],
          "duration": 1829,
          "root": false,
          "rootEmpty": false,
          "_timeout": 2000
        }
      ],
      "passes": [],
      "failures": [],
      "pending": [],
      "skipped": [],
      "duration": 0,
      "root": true,
      "rootEmpty": true,
      "_timeout": 2000
    },
    {
      "uuid": "ecf51336-5e20-4664-a1ca-cfcfb8465a32",
      "title": "",
      "fullFile": "cypress\\e2e\\webdriver-uni\\file-upload.js",
      "file": "cypress\\e2e\\webdriver-uni\\file-upload.js",
      "beforeHooks": [],
      "afterHooks": [],
      "tests": [],
      "suites": [
        {
          "uuid": "8e6a6726-3979-4e08-b749-229b543483ae",
          "title": "Test File Upload via webdriveruni",
          "fullFile": "",
          "file": "",
          "beforeHooks": [],
          "afterHooks": [],
          "tests": [
            {
              "title": "Upload a file",
              "fullTitle": "Test File Upload via webdriveruni Upload a file",
              "timedOut": null,
              "duration": 1232,
              "state": "passed",
              "speed": "fast",
              "pass": true,
              "fail": false,
              "pending": false,
              "context": null,
              "code": "cy.visit(\"https://webdriveruniversity.com/\");\ncy.get('#file-upload').invoke('removeAttr', 'target').click({\n  force: true\n});\ncy.get('#myFile').selectFile(\"cypress/fixtures/image.png\");\ncy.get('#submit-button').click();",
              "err": {},
              "uuid": "4ff4859c-9af5-442a-a332-d4fbff4f9b8a",
              "parentUUID": "8e6a6726-3979-4e08-b749-229b543483ae",
              "isHook": false,
              "skipped": false
            },
            {
              "title": "Upload no file",
              "fullTitle": "Test File Upload via webdriveruni Upload no file",
              "timedOut": null,
              "duration": 877,
              "state": "passed",
              "speed": "fast",
              "pass": true,
              "fail": false,
              "pending": false,
              "context": null,
              "code": "cy.visit(\"https://webdriveruniversity.com/\");\ncy.get('#file-upload').invoke('removeAttr', 'target').click({\n  force: true\n});\ncy.get('#submit-button').click();",
              "err": {},
              "uuid": "a12ecb5b-f7b0-455c-a21e-c0e7e48e66d2",
              "parentUUID": "8e6a6726-3979-4e08-b749-229b543483ae",
              "isHook": false,
              "skipped": false
            }
          ],
          "suites": [],
          "passes": [
            "4ff4859c-9af5-442a-a332-d4fbff4f9b8a",
            "a12ecb5b-f7b0-455c-a21e-c0e7e48e66d2"
          ],
          "failures": [],
          "pending": [],
          "skipped": [],
          "duration": 2109,
          "root": false,
          "rootEmpty": false,
          "_timeout": 2000
        }
      ],
      "passes": [],
      "failures": [],
      "pending": [],
      "skipped": [],
      "duration": 0,
      "root": true,
      "rootEmpty": true,
      "_timeout": 2000
    },
    {
      "uuid": "1a322ff3-82c4-42f7-b142-1e3c5b1c292c",
      "title": "",
      "fullFile": "cypress\\e2e\\webdriver-uni\\iframe.js",
      "file": "cypress\\e2e\\webdriver-uni\\iframe.js",
      "beforeHooks": [],
      "afterHooks": [],
      "tests": [],
      "suites": [
        {
          "uuid": "25bd0196-8fea-49a3-a2f9-ef1adb9baee6",
          "title": "Handling IFrame and Modals",
          "fullFile": "",
          "file": "",
          "beforeHooks": [],
          "afterHooks": [],
          "tests": [
            {
              "title": "Handle webdriveruni iframe and modal",
              "fullTitle": "Handling IFrame and Modals Handle webdriveruni iframe and modal",
              "timedOut": null,
              "duration": 2245,
              "state": "passed",
              "speed": "fast",
              "pass": true,
              "fail": false,
              "pending": false,
              "context": null,
              "code": "cy.visit(\"https://webdriveruniversity.com/\");\ncy.get('#iframe').invoke('removeAttr', 'target').click({\n  force: true\n});\ncy.get('#frame').then($iframe => {\n  const body = $iframe.contents().find('body');\n  cy.wrap(body).as('iframe');\n});\ncy.get('@iframe').find('#button-find-out-more').click();\ncy.get('@iframe').find('#myModal').as('modal');\ncy.get('@modal').should($expectedText => {\n  const text = $expectedText.text();\n  expect(text).to.include('as laptops, game consoles, cameras...');\n});\ncy.get('@modal').contains('Close').click();",
              "err": {},
              "uuid": "0f011095-e71b-4307-a5e7-22ef49d45551",
              "parentUUID": "25bd0196-8fea-49a3-a2f9-ef1adb9baee6",
              "isHook": false,
              "skipped": false
            }
          ],
          "suites": [],
          "passes": [
            "0f011095-e71b-4307-a5e7-22ef49d45551"
          ],
          "failures": [],
          "pending": [],
          "skipped": [],
          "duration": 2245,
          "root": false,
          "rootEmpty": false,
          "_timeout": 2000
        }
      ],
      "passes": [],
      "failures": [],
      "pending": [],
      "skipped": [],
      "duration": 0,
      "root": true,
      "rootEmpty": true,
      "_timeout": 2000
    },
    {
      "uuid": "d4ae7729-7033-4a2a-8862-91d596163293",
      "title": "",
      "fullFile": "cypress\\e2e\\webdriver-uni\\js-alerts.js",
      "file": "cypress\\e2e\\webdriver-uni\\js-alerts.js",
      "beforeHooks": [],
      "afterHooks": [],
      "tests": [],
      "suites": [
        {
          "uuid": "c3c60af2-b762-4785-b717-8c3e117015a2",
          "title": "Handle JS alerts",
          "fullFile": "",
          "file": "",
          "beforeHooks": [],
          "afterHooks": [],
          "tests": [
            {
              "title": "Validate js confirm alert box works correctly when click cancel",
              "fullTitle": "Handle JS alerts Validate js confirm alert box works correctly when click cancel",
              "timedOut": null,
              "duration": 1054,
              "state": "passed",
              "speed": "fast",
              "pass": true,
              "fail": false,
              "pending": false,
              "context": null,
              "code": "cy.visit('https://webdriveruniversity.com/');\ncy.get('#popup-alerts').invoke('removeAttr', 'target').click({\n  force: true\n});\nconst stub = cy.stub();\ncy.on('window:confirm', stub);\ncy.get('#button4').click().then(() => {\n  expect(stub.getCall(0)).to.be.calledWith('Press a button!');\n}).then(() => {\n  cy.get('#confirm-alert-text').contains('You pressed OK!');\n});",
              "err": {},
              "uuid": "9213421e-4883-426a-8bec-b71986c05b0a",
              "parentUUID": "c3c60af2-b762-4785-b717-8c3e117015a2",
              "isHook": false,
              "skipped": false
            }
          ],
          "suites": [],
          "passes": [
            "9213421e-4883-426a-8bec-b71986c05b0a"
          ],
          "failures": [],
          "pending": [],
          "skipped": [],
          "duration": 1054,
          "root": false,
          "rootEmpty": false,
          "_timeout": 2000
        }
      ],
      "passes": [],
      "failures": [],
      "pending": [],
      "skipped": [],
      "duration": 0,
      "root": true,
      "rootEmpty": true,
      "_timeout": 2000
    },
    {
      "uuid": "7fa7ac5e-085a-4c5d-9ce3-83893dae6fbe",
      "title": "",
      "fullFile": "cypress\\e2e\\webdriver-uni\\mouse-actions.js",
      "file": "cypress\\e2e\\webdriver-uni\\mouse-actions.js",
      "beforeHooks": [],
      "afterHooks": [],
      "tests": [],
      "suites": [
        {
          "uuid": "69036cfa-be5f-4da1-bbce-e4c908df07c0",
          "title": "Test mouse actions",
          "fullFile": "",
          "file": "",
          "beforeHooks": [],
          "afterHooks": [],
          "tests": [
            {
              "title": "Scroll element into view",
              "fullTitle": "Test mouse actions Scroll element into view",
              "timedOut": null,
              "duration": 1369,
              "state": "passed",
              "speed": "fast",
              "pass": true,
              "fail": false,
              "pending": false,
              "context": null,
              "code": "cy.visit(\"https://webdriveruniversity.com/\");\ncy.get('#actions').scrollIntoView().invoke('removeAttr', 'target').click({\n  force: true\n});",
              "err": {},
              "uuid": "21080e5b-8eb0-4ba8-803c-bf98db244a74",
              "parentUUID": "69036cfa-be5f-4da1-bbce-e4c908df07c0",
              "isHook": false,
              "skipped": false
            },
            {
              "title": "Drag and drop draggable item",
              "fullTitle": "Test mouse actions Drag and drop draggable item",
              "timedOut": null,
              "duration": 540,
              "state": "passed",
              "speed": "fast",
              "pass": true,
              "fail": false,
              "pending": false,
              "context": null,
              "code": "cy.visit(\"https://webdriveruniversity.com/\");\ncy.get('#actions').invoke('removeAttr', 'target').click({\n  force: true\n});\ncy.get(\"#draggable\").trigger('mousedown', {\n  button: 1\n});\ncy.get('#droppable').trigger('mousemove').trigger('mouseup', {\n  force: true\n});",
              "err": {},
              "uuid": "5afaa92f-d2a2-4482-a48d-cdab9afa7e71",
              "parentUUID": "69036cfa-be5f-4da1-bbce-e4c908df07c0",
              "isHook": false,
              "skipped": false
            },
            {
              "title": "Double click item",
              "fullTitle": "Test mouse actions Double click item",
              "timedOut": null,
              "duration": 531,
              "state": "passed",
              "speed": "fast",
              "pass": true,
              "fail": false,
              "pending": false,
              "context": null,
              "code": "cy.visit(\"https://webdriveruniversity.com/\");\ncy.get('#actions').invoke('removeAttr', 'target').click({\n  force: true\n});\ncy.get('#double-click').dblclick().should('have.css', 'background-color', 'rgb(147, 203, 90)');",
              "err": {},
              "uuid": "82add2b5-029b-4cff-9675-7ed46b0db450",
              "parentUUID": "69036cfa-be5f-4da1-bbce-e4c908df07c0",
              "isHook": false,
              "skipped": false
            },
            {
              "title": "Hold down the left mouse click button to given item",
              "fullTitle": "Test mouse actions Hold down the left mouse click button to given item",
              "timedOut": null,
              "duration": 630,
              "state": "passed",
              "speed": "fast",
              "pass": true,
              "fail": false,
              "pending": false,
              "context": null,
              "code": "cy.visit(\"https://webdriveruniversity.com/\");\ncy.get('#actions').invoke('removeAttr', 'target').click({\n  force: true\n});\ncy.get(\"#click-box\").trigger('mousedown', {\n  button: 1\n}).then($el => {\n  expect($el).to.have.css('background-color', 'rgb(0, 255, 0)');\n});",
              "err": {},
              "uuid": "1ae5aca7-dc51-47af-854f-7190ab94a456",
              "parentUUID": "69036cfa-be5f-4da1-bbce-e4c908df07c0",
              "isHook": false,
              "skipped": false
            }
          ],
          "suites": [],
          "passes": [
            "21080e5b-8eb0-4ba8-803c-bf98db244a74",
            "5afaa92f-d2a2-4482-a48d-cdab9afa7e71",
            "82add2b5-029b-4cff-9675-7ed46b0db450",
            "1ae5aca7-dc51-47af-854f-7190ab94a456"
          ],
          "failures": [],
          "pending": [],
          "skipped": [],
          "duration": 3070,
          "root": false,
          "rootEmpty": false,
          "_timeout": 2000
        }
      ],
      "passes": [],
      "failures": [],
      "pending": [],
      "skipped": [],
      "duration": 0,
      "root": true,
      "rootEmpty": true,
      "_timeout": 2000
    },
    {
      "uuid": "3d3f5871-5810-463e-a377-f4089fa2224d",
      "title": "",
      "fullFile": "cypress\\e2e\\webdriver-uni\\radio-buttons.js",
      "file": "cypress\\e2e\\webdriver-uni\\radio-buttons.js",
      "beforeHooks": [],
      "afterHooks": [],
      "tests": [],
      "suites": [
        {
          "uuid": "fa6cc6ad-f9b4-4f88-b001-b4b7c2ccbaeb",
          "title": "Verify radio buttons via webdriveruni",
          "fullFile": "",
          "file": "",
          "beforeHooks": [],
          "afterHooks": [],
          "tests": [
            {
              "title": "Check specific radio buttons",
              "fullTitle": "Verify radio buttons via webdriveruni Check specific radio buttons",
              "timedOut": null,
              "duration": 1529,
              "state": "passed",
              "speed": "fast",
              "pass": true,
              "fail": false,
              "pending": false,
              "context": null,
              "code": "cy.get('#radio-buttons').find('[type=\"radio\"]').first().check();\n// index goes from 0\ncy.get('#radio-buttons').find('[type=\"radio\"]').eq(1).check();",
              "err": {},
              "uuid": "74ff6754-7252-4536-b91e-952f1bc0ba3b",
              "parentUUID": "fa6cc6ad-f9b4-4f88-b001-b4b7c2ccbaeb",
              "isHook": false,
              "skipped": false
            },
            {
              "title": "Validate the states if specific radio button",
              "fullTitle": "Verify radio buttons via webdriveruni Validate the states if specific radio button",
              "timedOut": null,
              "duration": 632,
              "state": "passed",
              "speed": "fast",
              "pass": true,
              "fail": false,
              "pending": false,
              "context": null,
              "code": "// cy.get(\"[value='lettuce']\").should('not.be.checked')\n// cy.get(\"[value='pumpkin']\").should('be.checked')\ncy.get(\"[value='lettuce']\").check().should('be.checked');\ncy.get(\"[value='pumpkin']\").should('not.be.checked');\ncy.get(\"[value='cabbage']\").should('be.disabled');",
              "err": {},
              "uuid": "cce00210-b18e-4441-bc0e-3e48abfaa78a",
              "parentUUID": "fa6cc6ad-f9b4-4f88-b001-b4b7c2ccbaeb",
              "isHook": false,
              "skipped": false
            }
          ],
          "suites": [],
          "passes": [
            "74ff6754-7252-4536-b91e-952f1bc0ba3b",
            "cce00210-b18e-4441-bc0e-3e48abfaa78a"
          ],
          "failures": [],
          "pending": [],
          "skipped": [],
          "duration": 2161,
          "root": false,
          "rootEmpty": false,
          "_timeout": 2000
        }
      ],
      "passes": [],
      "failures": [],
      "pending": [],
      "skipped": [],
      "duration": 0,
      "root": true,
      "rootEmpty": true,
      "_timeout": 2000
    },
    {
      "uuid": "6aa7c4f1-e12c-49ee-b815-d646c066dd33",
      "title": "",
      "fullFile": "cypress\\e2e\\webdriver-uni\\select-dropdown-list.js",
      "file": "cypress\\e2e\\webdriver-uni\\select-dropdown-list.js",
      "beforeHooks": [],
      "afterHooks": [],
      "tests": [],
      "suites": [
        {
          "uuid": "a664c601-dc11-4e48-ac6c-fb3be168b0c7",
          "title": "Interact with dropdown lists via webdriveruni",
          "fullFile": "",
          "file": "",
          "beforeHooks": [],
          "afterHooks": [],
          "tests": [
            {
              "title": "Select specific values via select dropdown lists",
              "fullTitle": "Interact with dropdown lists via webdriveruni Select specific values via select dropdown lists",
              "timedOut": null,
              "duration": 1690,
              "state": "passed",
              "speed": "fast",
              "pass": true,
              "fail": false,
              "pending": false,
              "context": null,
              "code": "cy.visit(\"https://webdriveruniversity.com/\");\ncy.get('#dropdown-checkboxes-radiobuttons').invoke('removeAttr', 'target').click({\n  force: true\n});\ncy.get('#dropdowm-menu-1').select('c#');\ncy.get('#dropdowm-menu-2').select('testng').should('have.value', 'testng');\ncy.get('#dropdowm-menu-3').select('JQuery').contains('JQuery');\ncy.get('#dropdowm-menu-2').select('maven').contains('Maven');\ncy.get('#dropdowm-menu-2').select('TestNG').should('have.value', 'testng');",
              "err": {},
              "uuid": "61d1bed5-de3c-428e-8a78-7dabea1775e4",
              "parentUUID": "a664c601-dc11-4e48-ac6c-fb3be168b0c7",
              "isHook": false,
              "skipped": false
            }
          ],
          "suites": [],
          "passes": [
            "61d1bed5-de3c-428e-8a78-7dabea1775e4"
          ],
          "failures": [],
          "pending": [],
          "skipped": [],
          "duration": 1690,
          "root": false,
          "rootEmpty": false,
          "_timeout": 2000
        }
      ],
      "passes": [],
      "failures": [],
      "pending": [],
      "skipped": [],
      "duration": 0,
      "root": true,
      "rootEmpty": true,
      "_timeout": 2000
    },
    {
      "uuid": "3d34ae9b-bd78-46ba-93dc-1d5fd02cff39",
      "title": "",
      "fullFile": "cypress\\e2e\\webdriver-uni\\traversing-elements.js",
      "file": "cypress\\e2e\\webdriver-uni\\traversing-elements.js",
      "beforeHooks": [],
      "afterHooks": [],
      "tests": [],
      "suites": [
        {
          "uuid": "5e54219f-b199-4aa1-a350-d4ed3274ae4f",
          "title": "Traversing DOM elements in Cypress",
          "fullFile": "",
          "file": "",
          "beforeHooks": [],
          "afterHooks": [],
          "tests": [
            {
              "title": "children() to get the children of DOM elements",
              "fullTitle": "Traversing DOM elements in Cypress children() to get the children of DOM elements",
              "timedOut": null,
              "duration": 1129,
              "state": "passed",
              "speed": "fast",
              "pass": true,
              "fail": false,
              "pending": false,
              "context": null,
              "code": "cy.get('.traversal-breadcrumb').children('.active').should('contain', 'Contact Us');",
              "err": {},
              "uuid": "241ef5e2-2b66-4bcc-a656-a3e75b82446f",
              "parentUUID": "5e54219f-b199-4aa1-a350-d4ed3274ae4f",
              "isHook": false,
              "skipped": false
            },
            {
              "title": "closest() to validate the closest ancestor DOM element",
              "fullTitle": "Traversing DOM elements in Cypress closest() to validate the closest ancestor DOM element",
              "timedOut": null,
              "duration": 388,
              "state": "passed",
              "speed": "fast",
              "pass": true,
              "fail": false,
              "pending": false,
              "context": null,
              "code": "cy.get('.traversal-badge').closest('ul').should('have.class', 'list-group');",
              "err": {},
              "uuid": "284a4797-bb4b-4853-9a16-66febfbe5bdf",
              "parentUUID": "5e54219f-b199-4aa1-a350-d4ed3274ae4f",
              "isHook": false,
              "skipped": false
            },
            {
              "title": "eq() to retrieve a specific element based on index",
              "fullTitle": "Traversing DOM elements in Cypress eq() to retrieve a specific element based on index",
              "timedOut": null,
              "duration": 363,
              "state": "passed",
              "speed": "fast",
              "pass": true,
              "fail": false,
              "pending": false,
              "context": null,
              "code": "cy.get('.traversal-drinks-list > *').eq(2).should('contain', 'Milk');",
              "err": {},
              "uuid": "082fcc66-1576-4169-806f-df83e1da6566",
              "parentUUID": "5e54219f-b199-4aa1-a350-d4ed3274ae4f",
              "isHook": false,
              "skipped": false
            },
            {
              "title": "filter() to retrieve DOM elements that match a specific selector",
              "fullTitle": "Traversing DOM elements in Cypress filter() to retrieve DOM elements that match a specific selector",
              "timedOut": null,
              "duration": 397,
              "state": "passed",
              "speed": "fast",
              "pass": true,
              "fail": false,
              "pending": false,
              "context": null,
              "code": "cy.get('.btn-group-toggle> *').filter('.active').should('contain', 'Button-1');",
              "err": {},
              "uuid": "5748cf65-1b19-4748-b16e-014b6b40ba31",
              "parentUUID": "5e54219f-b199-4aa1-a350-d4ed3274ae4f",
              "isHook": false,
              "skipped": false
            },
            {
              "title": "find() to retrieve DOM elements of a given selector",
              "fullTitle": "Traversing DOM elements in Cypress find() to retrieve DOM elements of a given selector",
              "timedOut": null,
              "duration": 506,
              "state": "passed",
              "speed": "fast",
              "pass": true,
              "fail": false,
              "pending": false,
              "context": null,
              "code": "cy.get('.traversal-pagination').find('li').find('a').should('have.length', 7);",
              "err": {},
              "uuid": "0da23996-421f-4c52-a2c5-b925654744a2",
              "parentUUID": "5e54219f-b199-4aa1-a350-d4ed3274ae4f",
              "isHook": false,
              "skipped": false
            },
            {
              "title": "first() to retrieve the first DOM element within elements ",
              "fullTitle": "Traversing DOM elements in Cypress first() to retrieve the first DOM element within elements ",
              "timedOut": null,
              "duration": 417,
              "state": "passed",
              "speed": "fast",
              "pass": true,
              "fail": false,
              "pending": false,
              "context": null,
              "code": "cy.get('.traversal-table > tbody > tr > td').first().should('contain', 'Andy');",
              "err": {},
              "uuid": "1ef091d2-e052-4ee1-9d45-de9fc404f4cd",
              "parentUUID": "5e54219f-b199-4aa1-a350-d4ed3274ae4f",
              "isHook": false,
              "skipped": false
            },
            {
              "title": "last() to retrieve the last DOM element within elements",
              "fullTitle": "Traversing DOM elements in Cypress last() to retrieve the last DOM element within elements",
              "timedOut": null,
              "duration": 540,
              "state": "passed",
              "speed": "fast",
              "pass": true,
              "fail": false,
              "pending": false,
              "context": null,
              "code": "cy.get('.traversal-table > tbody > tr > td').last().should('contain', 'Scott');",
              "err": {},
              "uuid": "ada71388-21fd-4c65-a296-010b458ab75d",
              "parentUUID": "5e54219f-b199-4aa1-a350-d4ed3274ae4f",
              "isHook": false,
              "skipped": false
            },
            {
              "title": "nextAll() to get all of the next sibling DOM elements within elements",
              "fullTitle": "Traversing DOM elements in Cypress nextAll() to get all of the next sibling DOM elements within elements",
              "timedOut": null,
              "duration": 399,
              "state": "passed",
              "speed": "fast",
              "pass": true,
              "fail": false,
              "pending": false,
              "context": null,
              "code": "cy.get('.traversal-drinks-list').contains('Tea').nextAll().should('have.length', 3);",
              "err": {},
              "uuid": "293918c8-001c-4956-9cab-ac63c5269061",
              "parentUUID": "5e54219f-b199-4aa1-a350-d4ed3274ae4f",
              "isHook": false,
              "skipped": false
            },
            {
              "title": "nextUntil() to get all of the next sibling DOM elements within elements until another element",
              "fullTitle": "Traversing DOM elements in Cypress nextUntil() to get all of the next sibling DOM elements within elements until another element",
              "timedOut": null,
              "duration": 369,
              "state": "passed",
              "speed": "fast",
              "pass": true,
              "fail": false,
              "pending": false,
              "context": null,
              "code": "cy.get('#coffee').nextUntil('#sugar');",
              "err": {},
              "uuid": "8723c084-bdd9-4b58-ab17-1b877cacd8d3",
              "parentUUID": "5e54219f-b199-4aa1-a350-d4ed3274ae4f",
              "isHook": false,
              "skipped": false
            },
            {
              "title": "not() to remove DOM element(s) from the set of elements",
              "fullTitle": "Traversing DOM elements in Cypress not() to remove DOM element(s) from the set of elements",
              "timedOut": null,
              "duration": 1015,
              "state": "passed",
              "speed": "fast",
              "pass": true,
              "fail": false,
              "pending": false,
              "context": null,
              "code": "cy.get('.traversal-button-states > button').not('.disabled').should('not.have.class', 'disabled');",
              "err": {},
              "uuid": "689b1b78-242d-4f4d-83c2-7cca8f3c2085",
              "parentUUID": "5e54219f-b199-4aa1-a350-d4ed3274ae4f",
              "isHook": false,
              "skipped": false
            },
            {
              "title": "parent() To get parent DOM element of elements",
              "fullTitle": "Traversing DOM elements in Cypress parent() To get parent DOM element of elements",
              "timedOut": null,
              "duration": 1834,
              "state": "passed",
              "speed": "fast",
              "pass": true,
              "fail": false,
              "pending": false,
              "context": null,
              "code": "cy.get('.traversal-mark').parent().should('contain', 'sit amet, consectetur');",
              "err": {},
              "uuid": "50b7448d-fbd1-454a-bf7d-02d445f27c7b",
              "parentUUID": "5e54219f-b199-4aa1-a350-d4ed3274ae4f",
              "isHook": false,
              "skipped": false
            },
            {
              "title": "parents() to get parents DOM element of elements",
              "fullTitle": "Traversing DOM elements in Cypress parents() to get parents DOM element of elements",
              "timedOut": null,
              "duration": 546,
              "state": "passed",
              "speed": "fast",
              "pass": true,
              "fail": false,
              "pending": false,
              "context": null,
              "code": "cy.get('.traversal-cite').parents().should('match', 'blockquote');",
              "err": {},
              "uuid": "91074f32-700d-4499-a04f-5ec08e50e1e4",
              "parentUUID": "5e54219f-b199-4aa1-a350-d4ed3274ae4f",
              "isHook": false,
              "skipped": false
            },
            {
              "title": "prev() to get the previous sibling DOM element within elements",
              "fullTitle": "Traversing DOM elements in Cypress prev() to get the previous sibling DOM element within elements",
              "timedOut": null,
              "duration": 441,
              "state": "passed",
              "speed": "fast",
              "pass": true,
              "fail": false,
              "pending": false,
              "context": null,
              "code": "cy.get('#sugar').prev().contains('Espresso');",
              "err": {},
              "uuid": "a198a3f4-2ff6-4989-bd94-332d9ff1a073",
              "parentUUID": "5e54219f-b199-4aa1-a350-d4ed3274ae4f",
              "isHook": false,
              "skipped": false
            },
            {
              "title": "prevAll() to get all previous sibling DOM elements within elements",
              "fullTitle": "Traversing DOM elements in Cypress prevAll() to get all previous sibling DOM elements within elements",
              "timedOut": null,
              "duration": 401,
              "state": "passed",
              "speed": "fast",
              "pass": true,
              "fail": false,
              "pending": false,
              "context": null,
              "code": "cy.get('.sales').prevAll().should('have.length', 2);",
              "err": {},
              "uuid": "2f7c9409-8d50-4a80-8888-528a27a7fbd3",
              "parentUUID": "5e54219f-b199-4aa1-a350-d4ed3274ae4f",
              "isHook": false,
              "skipped": false
            },
            {
              "title": "prevUntil() to get all previous sibling DOM elements within elements until other element",
              "fullTitle": "Traversing DOM elements in Cypress prevUntil() to get all previous sibling DOM elements within elements until other element",
              "timedOut": null,
              "duration": 396,
              "state": "passed",
              "speed": "fast",
              "pass": true,
              "fail": false,
              "pending": false,
              "context": null,
              "code": "cy.get('#veggie').prevUntil('#fruits').should('have.length', 5);",
              "err": {},
              "uuid": "34903c9d-c6da-4548-99a7-4d69c3a86978",
              "parentUUID": "5e54219f-b199-4aa1-a350-d4ed3274ae4f",
              "isHook": false,
              "skipped": false
            },
            {
              "title": "siblings() To get all sibling DOM elements of elements",
              "fullTitle": "Traversing DOM elements in Cypress siblings() To get all sibling DOM elements of elements",
              "timedOut": null,
              "duration": 401,
              "state": "passed",
              "speed": "fast",
              "pass": true,
              "fail": false,
              "pending": false,
              "context": null,
              "code": "cy.get('.traversal-button-other-states .active').siblings().should('have.length', 3);",
              "err": {},
              "uuid": "26038726-2e6e-4aeb-847b-bd8f64437699",
              "parentUUID": "5e54219f-b199-4aa1-a350-d4ed3274ae4f",
              "isHook": false,
              "skipped": false
            }
          ],
          "suites": [],
          "passes": [
            "241ef5e2-2b66-4bcc-a656-a3e75b82446f",
            "284a4797-bb4b-4853-9a16-66febfbe5bdf",
            "082fcc66-1576-4169-806f-df83e1da6566",
            "5748cf65-1b19-4748-b16e-014b6b40ba31",
            "0da23996-421f-4c52-a2c5-b925654744a2",
            "1ef091d2-e052-4ee1-9d45-de9fc404f4cd",
            "ada71388-21fd-4c65-a296-010b458ab75d",
            "293918c8-001c-4956-9cab-ac63c5269061",
            "8723c084-bdd9-4b58-ab17-1b877cacd8d3",
            "689b1b78-242d-4f4d-83c2-7cca8f3c2085",
            "50b7448d-fbd1-454a-bf7d-02d445f27c7b",
            "91074f32-700d-4499-a04f-5ec08e50e1e4",
            "a198a3f4-2ff6-4989-bd94-332d9ff1a073",
            "2f7c9409-8d50-4a80-8888-528a27a7fbd3",
            "34903c9d-c6da-4548-99a7-4d69c3a86978",
            "26038726-2e6e-4aeb-847b-bd8f64437699"
          ],
          "failures": [],
          "pending": [],
          "skipped": [],
          "duration": 9542,
          "root": false,
          "rootEmpty": false,
          "_timeout": 2000
        }
      ],
      "passes": [],
      "failures": [],
      "pending": [],
      "skipped": [],
      "duration": 0,
      "root": true,
      "rootEmpty": true,
      "_timeout": 2000
    },
    {
      "uuid": "963ce712-f068-4e6e-951c-f9de575f454e",
      "title": "",
      "fullFile": "cypress\\e2e\\automation-test-store\\add-multiple-items.js",
      "file": "cypress\\e2e\\automation-test-store\\add-multiple-items.js",
      "beforeHooks": [],
      "afterHooks": [],
      "tests": [],
      "suites": [
        {
          "uuid": "3e20583c-d860-4d79-b1d3-67a5c1f9685a",
          "title": "Add multiple items to basket",
          "fullFile": "",
          "file": "",
          "beforeHooks": [],
          "afterHooks": [],
          "tests": [
            {
              "title": "Add specific items to basket",
              "fullTitle": "Add multiple items to basket Add specific items to basket",
              "timedOut": null,
              "duration": 4345,
              "state": "passed",
              "speed": "fast",
              "pass": true,
              "fail": false,
              "pending": false,
              "context": null,
              "code": "auto_store_haircare_po.addHairCareProductsToCart();\n//   globalThis.data.productName.forEach(function (element) {\n//     cy.addProductToCart(element);\n//   });\n//   cy.get(\".dropdown-toggle > .fa\").click();",
              "err": {},
              "uuid": "c897e959-f1de-4ed8-b580-e7b9fc364d0a",
              "parentUUID": "3e20583c-d860-4d79-b1d3-67a5c1f9685a",
              "isHook": false,
              "skipped": false
            }
          ],
          "suites": [],
          "passes": [
            "c897e959-f1de-4ed8-b580-e7b9fc364d0a"
          ],
          "failures": [],
          "pending": [],
          "skipped": [],
          "duration": 4345,
          "root": false,
          "rootEmpty": false,
          "_timeout": 2000
        }
      ],
      "passes": [],
      "failures": [],
      "pending": [],
      "skipped": [],
      "duration": 0,
      "root": true,
      "rootEmpty": true,
      "_timeout": 2000
    }
  ],
  "meta": {
    "mocha": {
      "version": "7.0.1"
    },
    "mochawesome": {
      "options": {
        "quiet": false,
        "reportFilename": "mochawesome",
        "saveHtml": false,
        "saveJson": true,
        "consoleReporter": "spec",
        "useInlineDiffs": false,
        "code": true
      },
      "version": "7.1.3"
    },
    "marge": {
      "options": {
        "id": "default",
        "reportDir": "cypress/results/mochawesome",
        "quite": true,
        "overwrite": false,
        "html": false,
        "json": true
      },
      "version": "6.2.0"
    }
  }
}